0 info it worked if it ends with ok
1 verbose cli [ '/Users/glory/.nvm/versions/node/v7.7.4/bin/node',
1 verbose cli   '/Users/glory/.nvm/versions/node/v7.7.4/bin/npm',
1 verbose cli   'run',
1 verbose cli   'server' ]
2 info using npm@4.1.2
3 info using node@v7.7.4
4 verbose run-script [ 'preserver', 'server', 'postserver' ]
5 info lifecycle circle@1.0.0~preserver: circle@1.0.0
6 silly lifecycle circle@1.0.0~preserver: no script for preserver, continuing
7 info lifecycle circle@1.0.0~server: circle@1.0.0
8 verbose lifecycle circle@1.0.0~server: unsafe-perm in lifecycle true
9 verbose lifecycle circle@1.0.0~server: PATH: /Users/glory/.nvm/versions/node/v7.7.4/lib/node_modules/npm/bin/node-gyp-bin:/Users/glory/code/circle/node_modules/.bin:/Users/glory/code/circle/node_modules/.bin:/Users/glory/.config/yarn/link/node_modules/.bin:/Users/glory/code/circle/node_modules/.bin:/Users/glory/.config/yarn/link/node_modules/.bin:/usr/local/lib/node_modules/yarn/bin/node-gyp-bin:/Users/glory/.nvm/versions/node/v7.7.4/bin:/usr/local/bin:/usr/bin:/bin:/usr/sbin:/sbin
10 verbose lifecycle circle@1.0.0~server: CWD: /Users/glory/code/circle
11 silly lifecycle circle@1.0.0~server: Args: [ '-c',
11 silly lifecycle   'cross-env NODE_ENV=development webpack-dev-server --config webpack/dev.conf.js' ]
12 silly lifecycle circle@1.0.0~server: Returned: code: 1  signal: null
13 info lifecycle circle@1.0.0~server: Failed to exec server script
14 verbose stack Error: circle@1.0.0 server: `cross-env NODE_ENV=development webpack-dev-server --config webpack/dev.conf.js`
14 verbose stack Exit status 1
14 verbose stack     at EventEmitter.<anonymous> (/Users/glory/.nvm/versions/node/v7.7.4/lib/node_modules/npm/lib/utils/lifecycle.js:279:16)
14 verbose stack     at emitTwo (events.js:106:13)
14 verbose stack     at EventEmitter.emit (events.js:194:7)
14 verbose stack     at ChildProcess.<anonymous> (/Users/glory/.nvm/versions/node/v7.7.4/lib/node_modules/npm/lib/utils/spawn.js:40:14)
14 verbose stack     at emitTwo (events.js:106:13)
14 verbose stack     at ChildProcess.emit (events.js:194:7)
14 verbose stack     at maybeClose (internal/child_process.js:899:16)
14 verbose stack     at Process.ChildProcess._handle.onexit (internal/child_process.js:226:5)
15 verbose pkgid circle@1.0.0
16 verbose cwd /Users/glory/code/circle
17 error Darwin 16.3.0
18 error argv "/Users/glory/.nvm/versions/node/v7.7.4/bin/node" "/Users/glory/.nvm/versions/node/v7.7.4/bin/npm" "run" "server"
19 error node v7.7.4
20 error npm  v4.1.2
21 error code ELIFECYCLE
22 error circle@1.0.0 server: `cross-env NODE_ENV=development webpack-dev-server --config webpack/dev.conf.js`
22 error Exit status 1
23 error Failed at the circle@1.0.0 server script 'cross-env NODE_ENV=development webpack-dev-server --config webpack/dev.conf.js'.
23 error Make sure you have the latest version of node.js and npm installed.
23 error If you do, this is most likely a problem with the circle package,
23 error not with npm itself.
23 error Tell the author that this fails on your system:
23 error     cross-env NODE_ENV=development webpack-dev-server --config webpack/dev.conf.js
23 error You can get information on how to open an issue for this project with:
23 error     npm bugs circle
23 error Or if that isn't available, you can get their info via:
23 error     npm owner ls circle
23 error There is likely additional logging output above.
24 verbose exit [ 1, true ]
